Using pre-set license
Built from '2021.1/staging' branch; Version is '2021.1.5f1 (3737af19df53) revision 3618735'; Using compiler version '192528614'; Build Type 'Release'
OS: 'Windows 10 Pro; OS build 19042.1288; Version 2009; 64bit' Language: 'en' Physical Memory: 16301 MB
BatchMode: 1, IsHumanControllingUs: 0, StartBugReporterOnCrash: 0, Is64bit: 1, IsPro: 0

 COMMAND LINE ARGUMENTS:
C:\Program Files\Unity\Hub\Editor\2021.1.5f1\Editor\Unity.exe
-adb2
-batchMode
-noUpm
-name
AssetImportWorker0
-projectPath
C:/Users/me/Documents/GitHub/FeralCookies/LearningFER2 - StandardLight
-logFile
Logs/AssetImportWorker0.log
-srvPort
58121
Successfully changed project path to: C:/Users/me/Documents/GitHub/FeralCookies/LearningFER2 - StandardLight
C:/Users/me/Documents/GitHub/FeralCookies/LearningFER2 - StandardLight
Using Asset Import Pipeline V2.
Refreshing native plugins compatible for Editor in 100.97 ms, found 1 plugins.
Preloading 0 native plugins for Editor in 0.00 ms.
Initialize engine version: 2021.1.5f1 (3737af19df53)
[Subsystems] Discovering subsystems at path C:/Program Files/Unity/Hub/Editor/2021.1.5f1/Editor/Data/Resources/UnitySubsystems
[Subsystems] Discovering subsystems at path C:/Users/me/Documents/GitHub/FeralCookies/LearningFER2 - StandardLight/Assets
GfxDevice: creating device client; threaded=0; jobified=0
Direct3D:
    Version:  Direct3D 11.0 [level 11.1]
    Renderer: NVIDIA GeForce GTX 1060 (ID=0x1c20)
    Vendor:   NVIDIA
    VRAM:     6054 MB
    Driver:   30.0.14.9613
Initialize mono
Mono path[0] = 'C:/Program Files/Unity/Hub/Editor/2021.1.5f1/Editor/Data/Managed'
Mono path[1] = 'C:/Program Files/Unity/Hub/Editor/2021.1.5f1/Editor/Data/MonoBleedingEdge/lib/mono/unityjit'
Mono config path = 'C:/Program Files/Unity/Hub/Editor/2021.1.5f1/Editor/Data/MonoBleedingEdge/etc'
Using monoOptions --debugger-agent=transport=dt_socket,embedding=1,server=y,suspend=n,address=127.0.0.1:56704
Begin MonoManager ReloadAssembly
Registering precompiled unity dll's ...
Register platform support module: C:/Program Files/Unity/Hub/Editor/2021.1.5f1/Editor/Data/PlaybackEngines/WebGLSupport/UnityEditor.WebGL.Extensions.dll
Register platform support module: C:/Program Files/Unity/Hub/Editor/2021.1.5f1/Editor/Data/PlaybackEngines/MacStandaloneSupport/UnityEditor.OSXStandalone.Extensions.dll
Register platform support module: C:/Program Files/Unity/Hub/Editor/2021.1.5f1/Editor/Data/PlaybackEngines/WindowsStandaloneSupport/UnityEditor.WindowsStandalone.Extensions.dll
Registered in 0.006732 seconds.
Native extension for WindowsStandalone target not found
Native extension for OSXStandalone target not found
Native extension for WebGL target not found
Refreshing native plugins compatible for Editor in 131.05 ms, found 1 plugins.
Preloading 0 native plugins for Editor in 0.00 ms.
Mono: successfully reloaded assembly
- Completed reload, in  2.292 seconds
Platform modules already initialized, skipping
Registering precompiled user dll's ...
Registered in 0.006316 seconds.
Begin MonoManager ReloadAssembly
Native extension for WindowsStandalone target not found
Native extension for OSXStandalone target not found
Native extension for WebGL target not found
Refreshing native plugins compatible for Editor in 0.72 ms, found 1 plugins.
Preloading 0 native plugins for Editor in 0.00 ms.
[MODES] ModeService[none].Initialize
[MODES] ModeService[none].LoadModes
[MODES] Loading mode Default (0) for mode-current-id-LearningFER2 - StandardLight
System.NullReferenceException: Object reference not set to an instance of an object
  at UnityEngine.UIElements.BaseLiveReloadAssetTracker`1[T].StartTrackingAsset (T asset) [0x0003e] in <52d042b59b5f4b5fa4d9379442f5155a>:0 
  at UnityEngine.UIElements.VisualElement.HandlePanelAttachmentEvents (UnityEngine.UIElements.EventBase evt) [0x000a9] in <52d042b59b5f4b5fa4d9379442f5155a>:0 
  at UnityEngine.UIElements.VisualElement.ExecuteDefaultAction (UnityEngine.UIElements.EventBase evt) [0x0010e] in <52d042b59b5f4b5fa4d9379442f5155a>:0 
  at UnityEngine.UIElements.CallbackEventHandler.HandleEvent (UnityEngine.UIElements.EventBase evt) [0x000ae] in <52d042b59b5f4b5fa4d9379442f5155a>:0 
  at UnityEngine.UIElements.EventDispatchUtilities.ExecuteDefaultAction (UnityEngine.UIElements.EventBase evt, UnityEngine.UIElements.IPanel panel) [0x00054] in <52d042b59b5f4b5fa4d9379442f5155a>:0 
  at UnityEngine.UIElements.EventDispatcher.ProcessEvent (UnityEngine.UIElements.EventBase evt, UnityEngine.UIElements.IPanel panel) [0x000ba] in <52d042b59b5f4b5fa4d9379442f5155a>:0 
  at UnityEngine.UIElements.EventDispatcher.Dispatch (UnityEngine.UIElements.EventBase evt, UnityEngine.UIElements.IPanel panel, UnityEngine.UIElements.DispatchMode dispatchMode) [0x00046] in <52d042b59b5f4b5fa4d9379442f5155a>:0 
  at UnityEngine.UIElements.BaseVisualElementPanel.SendEvent (UnityEngine.UIElements.EventBase e, UnityEngine.UIElements.DispatchMode dispatchMode) [0x0001a] in <52d042b59b5f4b5fa4d9379442f5155a>:0 
  at UnityEngine.UIElements.VisualElement.HasChangedPanel (UnityEngine.UIElements.BaseVisualElementPanel prevPanel) [0x00061] in <52d042b59b5f4b5fa4d9379442f5155a>:0 
  at UnityEngine.UIElements.VisualElement.SetPanel (UnityEngine.UIElements.BaseVisualElementPanel p) [0x001b1] in <52d042b59b5f4b5fa4d9379442f5155a>:0 
  at UnityEngine.UIElements.VisualElement+Hierarchy.SetParent (UnityEngine.UIElements.VisualElement value) [0x00038] in <52d042b59b5f4b5fa4d9379442f5155a>:0 
  at UnityEngine.UIElements.VisualElement+Hierarchy.Insert (System.Int32 index, UnityEngine.UIElements.VisualElement child) [0x000e4] in <52d042b59b5f4b5fa4d9379442f5155a>:0 
  at UnityEngine.UIElements.VisualElement+Hierarchy.Add (UnityEngine.UIElements.VisualElement child) [0x0001b] in <52d042b59b5f4b5fa4d9379442f5155a>:0 
  at UnityEngine.UIElements.VisualElement.Add (UnityEngine.UIElements.VisualElement child) [0x00038] in <52d042b59b5f4b5fa4d9379442f5155a>:0 
  at UnityEditor.UIElements.DefaultEditorWindowBackend.AddRootElement (UnityEngine.UIElements.VisualElement root) [0x0000c] in <c23044a1d79146ae9e09271e58031064>:0 
  at UnityEditor.UIElements.DefaultEditorWindowBackend.RegisterWindow () [0x000c7] in <c23044a1d79146ae9e09271e58031064>:0 
  at UnityEditor.UIElements.DefaultEditorWindowBackend.UnityEditor.IEditorWindowBackend.OnRegisterWindow () [0x00001] in <c23044a1d79146ae9e09271e58031064>:0 
  at UnityEditor.HostView.RegisterSelectedPane (System.Boolean sendEvents) [0x00035] in <756e9f00f78640ec93f83e08257daaec>:0 
  at UnityEditor.HostView.SetActualViewInternal (UnityEditor.EditorWindow value, System.Boolean sendEvents) [0x0004b] in <756e9f00f78640ec93f83e08257daaec>:0 
  at UnityEditor.HostView.set_actualView (UnityEditor.EditorWindow value) [0x00001] in <756e9f00f78640ec93f83e08257daaec>:0 
  at UnityEditor.EditorWindow.ShowWithMode (UnityEditor.ShowMode mode) [0x00039] in <756e9f00f78640ec93f83e08257daaec>:0 
  at UnityEditor.EditorWindow.ShowUtility () [0x00001] in <756e9f00f78640ec93f83e08257daaec>:0 
  at UnityEditor.EditorWindow.GetWindowPrivate (System.Type t, System.Boolean utility, System.String title, System.Boolean focus) [0x0004e] in <756e9f00f78640ec93f83e08257daaec>:0 
  at UnityEditor.EditorWindow.GetWindow (System.Type t, System.Boolean utility, System.String title, System.Boolean focus) [0x00001] in <756e9f00f78640ec93f83e08257daaec>:0 
  at UnityEditor.EditorWindow.GetWindow[T] (System.Boolean utility, System.String title, System.Boolean focus) [0x00001] in <756e9f00f78640ec93f83e08257daaec>:0 
  at UnityEditor.EditorWindow.GetWindow[T] (System.Boolean utility) [0x00001] in <756e9f00f78640ec93f83e08257daaec>:0 
  at Dreamteck.Forever.PluginInfo..cctor () [0x00034] in C:\Users\me\Documents\GitHub\FeralCookies\LearningFER2 - StandardLight\Assets\Dreamteck\Forever\Editor\WelcomeScreen.cs:16 
UnityEngine.StackTraceUtility:ExtractStackTrace ()
UnityEngine.DebugLogHandler:LogFormat (UnityEngine.LogType,UnityEngine.Object,string,object[])
UnityEngine.Logger:Log (UnityEngine.LogType,object)
UnityEngine.Debug:LogError (object)
UnityEditor.EditorAssemblies:ProcessInitializeOnLoadAttributes (System.Type[])

Mono: successfully reloaded assembly
- Completed reload, in  1.371 seconds
Platform modules already initialized, skipping
========================================================================
Worker process is ready to serve import requests
Launched and connected shader compiler UnityShaderCompiler.exe after 0.07 seconds
Refreshing native plugins compatible for Editor in 0.57 ms, found 1 plugins.
Preloading 0 native plugins for Editor in 0.00 ms.
Unloading 2786 Unused Serialized files (Serialized files now loaded: 0)
System memory in use before: 106.6 MB.
System memory in use after: 106.6 MB.

Unloading 16 unused Assets to reduce memory usage. Loaded Objects now: 3243.
Total: 2.921700 ms (FindLiveObjects: 0.260000 ms CreateObjectMapping: 0.162000 ms MarkObjects: 2.424900 ms  DeleteObjects: 0.073600 ms)

========================================================================
Received Import Request.
  path: Assets/RhythmMounain/Segments/RM_prefab_00.prefab
  artifactKey: Guid(c9e67d9f37c419d46aad08c7f88906b1) Importer(815301076,1909f56bfc062723c751e8b465ee728b)
Start importing Assets/RhythmMounain/Segments/RM_prefab_00.prefab using Guid(c9e67d9f37c419d46aad08c7f88906b1) Importer(815301076,1909f56bfc062723c751e8b465ee728b)  -> (artifact id: '93ba04f601cd9032138d89c86375b259') in 0.167798 seconds 
========================================================================
Received Prepare
Registering precompiled user dll's ...
Registered in 0.007669 seconds.
Begin MonoManager ReloadAssembly
Native extension for WindowsStandalone target not found
Native extension for OSXStandalone target not found
Native extension for WebGL target not found
Refreshing native plugins compatible for Editor in 0.71 ms, found 1 plugins.
Preloading 0 native plugins for Editor in 0.00 ms.
[MODES] ModeService[none].Initialize
[MODES] ModeService[none].LoadModes
[MODES] Loading mode Default (0) for mode-current-id-LearningFER2 - StandardLight
System.NullReferenceException: Object reference not set to an instance of an object
  at UnityEngine.UIElements.BaseLiveReloadAssetTracker`1[T].StartTrackingAsset (T asset) [0x0003e] in <52d042b59b5f4b5fa4d9379442f5155a>:0 
  at UnityEngine.UIElements.VisualElement.HandlePanelAttachmentEvents (UnityEngine.UIElements.EventBase evt) [0x000a9] in <52d042b59b5f4b5fa4d9379442f5155a>:0 
  at UnityEngine.UIElements.VisualElement.ExecuteDefaultAction (UnityEngine.UIElements.EventBase evt) [0x0010e] in <52d042b59b5f4b5fa4d9379442f5155a>:0 
  at UnityEngine.UIElements.CallbackEventHandler.HandleEvent (UnityEngine.UIElements.EventBase evt) [0x000ae] in <52d042b59b5f4b5fa4d9379442f5155a>:0 
  at UnityEngine.UIElements.EventDispatchUtilities.ExecuteDefaultAction (UnityEngine.UIElements.EventBase evt, UnityEngine.UIElements.IPanel panel) [0x00054] in <52d042b59b5f4b5fa4d9379442f5155a>:0 
  at UnityEngine.UIElements.EventDispatcher.ProcessEvent (UnityEngine.UIElements.EventBase evt, UnityEngine.UIElements.IPanel panel) [0x000ba] in <52d042b59b5f4b5fa4d9379442f5155a>:0 
  at UnityEngine.UIElements.EventDispatcher.Dispatch (UnityEngine.UIElements.EventBase evt, UnityEngine.UIElements.IPanel panel, UnityEngine.UIElements.DispatchMode dispatchMode) [0x00046] in <52d042b59b5f4b5fa4d9379442f5155a>:0 
  at UnityEngine.UIElements.BaseVisualElementPanel.SendEvent (UnityEngine.UIElements.EventBase e, UnityEngine.UIElements.DispatchMode dispatchMode) [0x0001a] in <52d042b59b5f4b5fa4d9379442f5155a>:0 
  at UnityEngine.UIElements.VisualElement.HasChangedPanel (UnityEngine.UIElements.BaseVisualElementPanel prevPanel) [0x00061] in <52d042b59b5f4b5fa4d9379442f5155a>:0 
  at UnityEngine.UIElements.VisualElement.SetPanel (UnityEngine.UIElements.BaseVisualElementPanel p) [0x001b1] in <52d042b59b5f4b5fa4d9379442f5155a>:0 
  at UnityEngine.UIElements.VisualElement+Hierarchy.SetParent (UnityEngine.UIElements.VisualElement value) [0x00038] in <52d042b59b5f4b5fa4d9379442f5155a>:0 
  at UnityEngine.UIElements.VisualElement+Hierarchy.Insert (System.Int32 index, UnityEngine.UIElements.VisualElement child) [0x000e4] in <52d042b59b5f4b5fa4d9379442f5155a>:0 
  at UnityEngine.UIElements.VisualElement+Hierarchy.Add (UnityEngine.UIElements.VisualElement child) [0x0001b] in <52d042b59b5f4b5fa4d9379442f5155a>:0 
  at UnityEngine.UIElements.VisualElement.Add (UnityEngine.UIElements.VisualElement child) [0x00038] in <52d042b59b5f4b5fa4d9379442f5155a>:0 
  at UnityEditor.UIElements.DefaultEditorWindowBackend.AddRootElement (UnityEngine.UIElements.VisualElement root) [0x0000c] in <c23044a1d79146ae9e09271e58031064>:0 
  at UnityEditor.UIElements.DefaultEditorWindowBackend.RegisterWindow () [0x000c7] in <c23044a1d79146ae9e09271e58031064>:0 
  at UnityEditor.UIElements.DefaultEditorWindowBackend.UnityEditor.IEditorWindowBackend.OnRegisterWindow () [0x00001] in <c23044a1d79146ae9e09271e58031064>:0 
  at UnityEditor.HostView.RegisterSelectedPane (System.Boolean sendEvents) [0x00035] in <756e9f00f78640ec93f83e08257daaec>:0 
  at UnityEditor.HostView.SetActualViewInternal (UnityEditor.EditorWindow value, System.Boolean sendEvents) [0x0004b] in <756e9f00f78640ec93f83e08257daaec>:0 
  at UnityEditor.DockArea.SetSelectedPrivate (System.Int32 value, System.Boolean sendEvents) [0x00059] in <756e9f00f78640ec93f83e08257daaec>:0 
  at UnityEditor.DockArea.AddTab (System.Int32 idx, UnityEditor.EditorWindow pane, System.Boolean sendPaneEvents) [0x00018] in <756e9f00f78640ec93f83e08257daaec>:0 
  at UnityEditor.DockArea.AddTab (UnityEditor.EditorWindow pane, System.Boolean sendPaneEvents) [0x0000d] in <756e9f00f78640ec93f83e08257daaec>:0 
  at UnityEditor.EditorWindow.CreateNewWindowForEditorWindow (UnityEditor.EditorWindow window, System.Boolean loadPosition, System.Boolean showImmediately, System.Boolean setFocus) [0x0001b] in <756e9f00f78640ec93f83e08257daaec>:0 
  at UnityEditor.EditorWindow.Show (System.Boolean immediateDisplay) [0x00011] in <756e9f00f78640ec93f83e08257daaec>:0 
  at UnityEditor.EditorWindow.Show () [0x00001] in <756e9f00f78640ec93f83e08257daaec>:0 
  at UnityEditor.EditorWindow.GetWindowPrivate (System.Type t, System.Boolean utility, System.String title, System.Boolean focus) [0x00069] in <756e9f00f78640ec93f83e08257daaec>:0 
  at UnityEditor.EditorWindow.GetWindow (System.Type t, System.Boolean utility, System.String title, System.Boolean focus) [0x00001] in <756e9f00f78640ec93f83e08257daaec>:0 
  at UnityEditor.EditorWindow.GetWindow[T] (System.Boolean utility, System.String title, System.Boolean focus) [0x00001] in <756e9f00f78640ec93f83e08257daaec>:0 
  at UnityEditor.EditorWindow.GetWindow[T] (System.Boolean utility) [0x00001] in <756e9f00f78640ec93f83e08257daaec>:0 
  at Dreamteck.Forever.PluginInfo..cctor () [0x00034] in C:\Users\me\Documents\GitHub\FeralCookies\LearningFER2 - StandardLight\Assets\Dreamteck\Forever\Editor\WelcomeScreen.cs:16 
UnityEngine.StackTraceUtility:ExtractStackTrace ()
UnityEngine.DebugLogHandler:LogFormat (UnityEngine.LogType,UnityEngine.Object,string,object[])
UnityEngine.Logger:Log (UnityEngine.LogType,object)
UnityEngine.Debug:LogError (object)
UnityEditor.EditorAssemblies:ProcessInitializeOnLoadAttributes (System.Type[])

Mono: successfully reloaded assembly
- Completed reload, in  1.993 seconds
Platform modules already initialized, skipping
Refreshing native plugins compatible for Editor in 1.34 ms, found 1 plugins.
Preloading 0 native plugins for Editor in 0.00 ms.
Unloading 2780 Unused Serialized files (Serialized files now loaded: 0)
System memory in use before: 106.3 MB.
System memory in use after: 106.5 MB.

Unloading 10 unused Assets to reduce memory usage. Loaded Objects now: 3256.
Total: 4.483000 ms (FindLiveObjects: 0.372200 ms CreateObjectMapping: 0.251800 ms MarkObjects: 3.781800 ms  DeleteObjects: 0.075600 ms)

========================================================================
Received Import Request.
  Time since last request: 558.179182 seconds.
  path: Assets/RhythmMounain/LRunner.cs
  artifactKey: Guid(d09a2871edae1d34a932cf536df2e78e) Importer(815301076,1909f56bfc062723c751e8b465ee728b)
Start importing Assets/RhythmMounain/LRunner.cs using Guid(d09a2871edae1d34a932cf536df2e78e) Importer(815301076,1909f56bfc062723c751e8b465ee728b)  -> (artifact id: '34234c8bb572b2630fbd7dc68e44123d') in 0.027745 seconds 
========================================================================
Received Prepare
Registering precompiled user dll's ...
Registered in 0.008815 seconds.
Begin MonoManager ReloadAssembly
Native extension for WindowsStandalone target not found
Native extension for OSXStandalone target not found
Native extension for WebGL target not found
Refreshing native plugins compatible for Editor in 1.08 ms, found 1 plugins.
Preloading 0 native plugins for Editor in 0.00 ms.
[MODES] ModeService[none].Initialize
[MODES] ModeService[none].LoadModes
[MODES] Loading mode Default (0) for mode-current-id-LearningFER2 - StandardLight
System.NullReferenceException: Object reference not set to an instance of an object
  at UnityEngine.UIElements.BaseLiveReloadAssetTracker`1[T].StartTrackingAsset (T asset) [0x0003e] in <52d042b59b5f4b5fa4d9379442f5155a>:0 
  at UnityEngine.UIElements.VisualElement.HandlePanelAttachmentEvents (UnityEngine.UIElements.EventBase evt) [0x000a9] in <52d042b59b5f4b5fa4d9379442f5155a>:0 
  at UnityEngine.UIElements.VisualElement.ExecuteDefaultAction (UnityEngine.UIElements.EventBase evt) [0x0010e] in <52d042b59b5f4b5fa4d9379442f5155a>:0 
  at UnityEngine.UIElements.CallbackEventHandler.HandleEvent (UnityEngine.UIElements.EventBase evt) [0x000ae] in <52d042b59b5f4b5fa4d9379442f5155a>:0 
  at UnityEngine.UIElements.EventDispatchUtilities.ExecuteDefaultAction (UnityEngine.UIElements.EventBase evt, UnityEngine.UIElements.IPanel panel) [0x00054] in <52d042b59b5f4b5fa4d9379442f5155a>:0 
  at UnityEngine.UIElements.EventDispatcher.ProcessEvent (UnityEngine.UIElements.EventBase evt, UnityEngine.UIElements.IPanel panel) [0x000ba] in <52d042b59b5f4b5fa4d9379442f5155a>:0 
  at UnityEngine.UIElements.EventDispatcher.Dispatch (UnityEngine.UIElements.EventBase evt, UnityEngine.UIElements.IPanel panel, UnityEngine.UIElements.DispatchMode dispatchMode) [0x00046] in <52d042b59b5f4b5fa4d9379442f5155a>:0 
  at UnityEngine.UIElements.BaseVisualElementPanel.SendEvent (UnityEngine.UIElements.EventBase e, UnityEngine.UIElements.DispatchMode dispatchMode) [0x0001a] in <52d042b59b5f4b5fa4d9379442f5155a>:0 
  at UnityEngine.UIElements.VisualElement.HasChangedPanel (UnityEngine.UIElements.BaseVisualElementPanel prevPanel) [0x00061] in <52d042b59b5f4b5fa4d9379442f5155a>:0 
  at UnityEngine.UIElements.VisualElement.SetPanel (UnityEngine.UIElements.BaseVisualElementPanel p) [0x001b1] in <52d042b59b5f4b5fa4d9379442f5155a>:0 
  at UnityEngine.UIElements.VisualElement+Hierarchy.SetParent (UnityEngine.UIElements.VisualElement value) [0x00038] in <52d042b59b5f4b5fa4d9379442f5155a>:0 
  at UnityEngine.UIElements.VisualElement+Hierarchy.Insert (System.Int32 index, UnityEngine.UIElements.VisualElement child) [0x000e4] in <52d042b59b5f4b5fa4d9379442f5155a>:0 
  at UnityEngine.UIElements.VisualElement+Hierarchy.Add (UnityEngine.UIElements.VisualElement child) [0x0001b] in <52d042b59b5f4b5fa4d9379442f5155a>:0 
  at UnityEngine.UIElements.VisualElement.Add (UnityEngine.UIElements.VisualElement child) [0x00038] in <52d042b59b5f4b5fa4d9379442f5155a>:0 
  at UnityEditor.UIElements.DefaultEditorWindowBackend.AddRootElement (UnityEngine.UIElements.VisualElement root) [0x0000c] in <c23044a1d79146ae9e09271e58031064>:0 
  at UnityEditor.UIElements.DefaultEditorWindowBackend.RegisterWindow () [0x000c7] in <c23044a1d79146ae9e09271e58031064>:0 
  at UnityEditor.UIElements.DefaultEditorWindowBackend.UnityEditor.IEditorWindowBackend.OnRegisterWindow () [0x00001] in <c23044a1d79146ae9e09271e58031064>:0 
  at UnityEditor.HostView.RegisterSelectedPane (System.Boolean sendEvents) [0x00035] in <756e9f00f78640ec93f83e08257daaec>:0 
  at UnityEditor.HostView.SetActualViewInternal (UnityEditor.EditorWindow value, System.Boolean sendEvents) [0x0004b] in <756e9f00f78640ec93f83e08257daaec>:0 
  at UnityEditor.DockArea.SetSelectedPrivate (System.Int32 value, System.Boolean sendEvents) [0x00059] in <756e9f00f78640ec93f83e08257daaec>:0 
  at UnityEditor.DockArea.AddTab (System.Int32 idx, UnityEditor.EditorWindow pane, System.Boolean sendPaneEvents) [0x00018] in <756e9f00f78640ec93f83e08257daaec>:0 
  at UnityEditor.DockArea.AddTab (UnityEditor.EditorWindow pane, System.Boolean sendPaneEvents) [0x0000d] in <756e9f00f78640ec93f83e08257daaec>:0 
  at UnityEditor.EditorWindow.CreateNewWindowForEditorWindow (UnityEditor.EditorWindow window, System.Boolean loadPosition, System.Boolean showImmediately, System.Boolean setFocus) [0x0001b] in <756e9f00f78640ec93f83e08257daaec>:0 
  at UnityEditor.EditorWindow.Show (System.Boolean immediateDisplay) [0x00011] in <756e9f00f78640ec93f83e08257daaec>:0 
  at UnityEditor.EditorWindow.Show () [0x00001] in <756e9f00f78640ec93f83e08257daaec>:0 
  at UnityEditor.EditorWindow.GetWindowPrivate (System.Type t, System.Boolean utility, System.String title, System.Boolean focus) [0x00069] in <756e9f00f78640ec93f83e08257daaec>:0 
  at UnityEditor.EditorWindow.GetWindow (System.Type t, System.Boolean utility, System.String title, System.Boolean focus) [0x00001] in <756e9f00f78640ec93f83e08257daaec>:0 
  at UnityEditor.EditorWindow.GetWindow[T] (System.Boolean utility, System.String title, System.Boolean focus) [0x00001] in <756e9f00f78640ec93f83e08257daaec>:0 
  at UnityEditor.EditorWindow.GetWindow[T] (System.Boolean utility) [0x00001] in <756e9f00f78640ec93f83e08257daaec>:0 
  at Dreamteck.Forever.PluginInfo..cctor () [0x00034] in C:\Users\me\Documents\GitHub\FeralCookies\LearningFER2 - StandardLight\Assets\Dreamteck\Forever\Editor\WelcomeScreen.cs:16 
UnityEngine.StackTraceUtility:ExtractStackTrace ()
UnityEngine.DebugLogHandler:LogFormat (UnityEngine.LogType,UnityEngine.Object,string,object[])
UnityEngine.Logger:Log (UnityEngine.LogType,object)
UnityEngine.Debug:LogError (object)
UnityEditor.EditorAssemblies:ProcessInitializeOnLoadAttributes (System.Type[])

Mono: successfully reloaded assembly
- Completed reload, in  1.717 seconds
Platform modules already initialized, skipping
Refreshing native plugins compatible for Editor in 0.81 ms, found 1 plugins.
Preloading 0 native plugins for Editor in 0.00 ms.
Unloading 2781 Unused Serialized files (Serialized files now loaded: 0)
System memory in use before: 106.4 MB.
System memory in use after: 106.6 MB.

Unloading 10 unused Assets to reduce memory usage. Loaded Objects now: 3263.
Total: 5.171300 ms (FindLiveObjects: 0.300100 ms CreateObjectMapping: 0.143000 ms MarkObjects: 4.654900 ms  DeleteObjects: 0.071900 ms)

========================================================================
Received Prepare
Registering precompiled user dll's ...
Registered in 0.005613 seconds.
Begin MonoManager ReloadAssembly
Native extension for WindowsStandalone target not found
Native extension for OSXStandalone target not found
Native extension for WebGL target not found
Refreshing native plugins compatible for Editor in 0.69 ms, found 1 plugins.
Preloading 0 native plugins for Editor in 0.00 ms.
[MODES] ModeService[none].Initialize
[MODES] ModeService[none].LoadModes
[MODES] Loading mode Default (0) for mode-current-id-LearningFER2 - StandardLight
System.NullReferenceException: Object reference not set to an instance of an object
  at UnityEngine.UIElements.BaseLiveReloadAssetTracker`1[T].StartTrackingAsset (T asset) [0x0003e] in <52d042b59b5f4b5fa4d9379442f5155a>:0 
  at UnityEngine.UIElements.VisualElement.HandlePanelAttachmentEvents (UnityEngine.UIElements.EventBase evt) [0x000a9] in <52d042b59b5f4b5fa4d9379442f5155a>:0 
  at UnityEngine.UIElements.VisualElement.ExecuteDefaultAction (UnityEngine.UIElements.EventBase evt) [0x0010e] in <52d042b59b5f4b5fa4d9379442f5155a>:0 
  at UnityEngine.UIElements.CallbackEventHandler.HandleEvent (UnityEngine.UIElements.EventBase evt) [0x000ae] in <52d042b59b5f4b5fa4d9379442f5155a>:0 
  at UnityEngine.UIElements.EventDispatchUtilities.ExecuteDefaultAction (UnityEngine.UIElements.EventBase evt, UnityEngine.UIElements.IPanel panel) [0x00054] in <52d042b59b5f4b5fa4d9379442f5155a>:0 
  at UnityEngine.UIElements.EventDispatcher.ProcessEvent (UnityEngine.UIElements.EventBase evt, UnityEngine.UIElements.IPanel panel) [0x000ba] in <52d042b59b5f4b5fa4d9379442f5155a>:0 
  at UnityEngine.UIElements.EventDispatcher.Dispatch (UnityEngine.UIElements.EventBase evt, UnityEngine.UIElements.IPanel panel, UnityEngine.UIElements.DispatchMode dispatchMode) [0x00046] in <52d042b59b5f4b5fa4d9379442f5155a>:0 
  at UnityEngine.UIElements.BaseVisualElementPanel.SendEvent (UnityEngine.UIElements.EventBase e, UnityEngine.UIElements.DispatchMode dispatchMode) [0x0001a] in <52d042b59b5f4b5fa4d9379442f5155a>:0 
  at UnityEngine.UIElements.VisualElement.HasChangedPanel (UnityEngine.UIElements.BaseVisualElementPanel prevPanel) [0x00061] in <52d042b59b5f4b5fa4d9379442f5155a>:0 
  at UnityEngine.UIElements.VisualElement.SetPanel (UnityEngine.UIElements.BaseVisualElementPanel p) [0x001b1] in <52d042b59b5f4b5fa4d9379442f5155a>:0 
  at UnityEngine.UIElements.VisualElement+Hierarchy.SetParent (UnityEngine.UIElements.VisualElement value) [0x00038] in <52d042b59b5f4b5fa4d9379442f5155a>:0 
  at UnityEngine.UIElements.VisualElement+Hierarchy.Insert (System.Int32 index, UnityEngine.UIElements.VisualElement child) [0x000e4] in <52d042b59b5f4b5fa4d9379442f5155a>:0 
  at UnityEngine.UIElements.VisualElement+Hierarchy.Add (UnityEngine.UIElements.VisualElement child) [0x0001b] in <52d042b59b5f4b5fa4d9379442f5155a>:0 
  at UnityEngine.UIElements.VisualElement.Add (UnityEngine.UIElements.VisualElement child) [0x00038] in <52d042b59b5f4b5fa4d9379442f5155a>:0 
  at UnityEditor.UIElements.DefaultEditorWindowBackend.AddRootElement (UnityEngine.UIElements.VisualElement root) [0x0000c] in <c23044a1d79146ae9e09271e58031064>:0 
  at UnityEditor.UIElements.DefaultEditorWindowBackend.RegisterWindow () [0x000c7] in <c23044a1d79146ae9e09271e58031064>:0 
  at UnityEditor.UIElements.DefaultEditorWindowBackend.UnityEditor.IEditorWindowBackend.OnRegisterWindow () [0x00001] in <c23044a1d79146ae9e09271e58031064>:0 
  at UnityEditor.HostView.RegisterSelectedPane (System.Boolean sendEvents) [0x00035] in <756e9f00f78640ec93f83e08257daaec>:0 
  at UnityEditor.HostView.SetActualViewInternal (UnityEditor.EditorWindow value, System.Boolean sendEvents) [0x0004b] in <756e9f00f78640ec93f83e08257daaec>:0 
  at UnityEditor.DockArea.SetSelectedPrivate (System.Int32 value, System.Boolean sendEvents) [0x00059] in <756e9f00f78640ec93f83e08257daaec>:0 
  at UnityEditor.DockArea.AddTab (System.Int32 idx, UnityEditor.EditorWindow pane, System.Boolean sendPaneEvents) [0x00018] in <756e9f00f78640ec93f83e08257daaec>:0 
  at UnityEditor.DockArea.AddTab (UnityEditor.EditorWindow pane, System.Boolean sendPaneEvents) [0x0000d] in <756e9f00f78640ec93f83e08257daaec>:0 
  at UnityEditor.EditorWindow.CreateNewWindowForEditorWindow (UnityEditor.EditorWindow window, System.Boolean loadPosition, System.Boolean showImmediately, System.Boolean setFocus) [0x0001b] in <756e9f00f78640ec93f83e08257daaec>:0 
  at UnityEditor.EditorWindow.Show (System.Boolean immediateDisplay) [0x00011] in <756e9f00f78640ec93f83e08257daaec>:0 
  at UnityEditor.EditorWindow.Show () [0x00001] in <756e9f00f78640ec93f83e08257daaec>:0 
  at UnityEditor.EditorWindow.GetWindowPrivate (System.Type t, System.Boolean utility, System.String title, System.Boolean focus) [0x00069] in <756e9f00f78640ec93f83e08257daaec>:0 
  at UnityEditor.EditorWindow.GetWindow (System.Type t, System.Boolean utility, System.String title, System.Boolean focus) [0x00001] in <756e9f00f78640ec93f83e08257daaec>:0 
  at UnityEditor.EditorWindow.GetWindow[T] (System.Boolean utility, System.String title, System.Boolean focus) [0x00001] in <756e9f00f78640ec93f83e08257daaec>:0 
  at UnityEditor.EditorWindow.GetWindow[T] (System.Boolean utility) [0x00001] in <756e9f00f78640ec93f83e08257daaec>:0 
  at Dreamteck.Forever.PluginInfo..cctor () [0x00034] in C:\Users\me\Documents\GitHub\FeralCookies\LearningFER2 - StandardLight\Assets\Dreamteck\Forever\Editor\WelcomeScreen.cs:16 
UnityEngine.StackTraceUtility:ExtractStackTrace ()
UnityEngine.DebugLogHandler:LogFormat (UnityEngine.LogType,UnityEngine.Object,string,object[])
UnityEngine.Logger:Log (UnityEngine.LogType,object)
UnityEngine.Debug:LogError (object)
UnityEditor.EditorAssemblies:ProcessInitializeOnLoadAttributes (System.Type[])

Mono: successfully reloaded assembly
- Completed reload, in  1.569 seconds
Platform modules already initialized, skipping
Refreshing native plugins compatible for Editor in 0.56 ms, found 1 plugins.
Preloading 0 native plugins for Editor in 0.00 ms.
Unloading 2781 Unused Serialized files (Serialized files now loaded: 0)
System memory in use before: 106.5 MB.
System memory in use after: 106.7 MB.

Unloading 10 unused Assets to reduce memory usage. Loaded Objects now: 3269.
Total: 3.399500 ms (FindLiveObjects: 0.257700 ms CreateObjectMapping: 0.116800 ms MarkObjects: 2.974100 ms  DeleteObjects: 0.050000 ms)

========================================================================
Received Import Request.
  Time since last request: 204.949188 seconds.
  path: Assets/RhythmMounain/Prefabs/Player.prefab
  artifactKey: Guid(9319b0e3246c1364b8d70ff522b41dd1) Importer(815301076,1909f56bfc062723c751e8b465ee728b)
Start importing Assets/RhythmMounain/Prefabs/Player.prefab using Guid(9319b0e3246c1364b8d70ff522b41dd1) Importer(815301076,1909f56bfc062723c751e8b465ee728b)  -> (artifact id: '666f53fc49af56be0f198374dde9ae81') in 0.074649 seconds 
========================================================================
Received Import Request.
  Time since last request: 4.144450 seconds.
  path: Assets/RhythmMounain/Prefabs/Player.prefab
  artifactKey: Guid(9319b0e3246c1364b8d70ff522b41dd1) Importer(815301076,1909f56bfc062723c751e8b465ee728b)
Start importing Assets/RhythmMounain/Prefabs/Player.prefab using Guid(9319b0e3246c1364b8d70ff522b41dd1) Importer(815301076,1909f56bfc062723c751e8b465ee728b)  -> (artifact id: '1f8e071b2154e3d641c103ae88f07bb0') in 0.025710 seconds 
========================================================================
Received Import Request.
  Time since last request: 4.839121 seconds.
  path: Assets/RhythmMounain/Prefabs/Player.prefab
  artifactKey: Guid(9319b0e3246c1364b8d70ff522b41dd1) Importer(815301076,1909f56bfc062723c751e8b465ee728b)
Start importing Assets/RhythmMounain/Prefabs/Player.prefab using Guid(9319b0e3246c1364b8d70ff522b41dd1) Importer(815301076,1909f56bfc062723c751e8b465ee728b)  -> (artifact id: '1c80c6bba36a22da801d14100e55d84b') in 0.025707 seconds 
========================================================================
Received Import Request.
  Time since last request: 11.703695 seconds.
  path: Assets/RhythmMounain/Prefabs/Player.prefab
  artifactKey: Guid(9319b0e3246c1364b8d70ff522b41dd1) Importer(815301076,1909f56bfc062723c751e8b465ee728b)
Start importing Assets/RhythmMounain/Prefabs/Player.prefab using Guid(9319b0e3246c1364b8d70ff522b41dd1) Importer(815301076,1909f56bfc062723c751e8b465ee728b)  -> (artifact id: '550ad66a59b851a9feabf09ff046e71f') in 0.038023 seconds 
========================================================================
Received Import Request.
  Time since last request: 67.922083 seconds.
  path: Assets/RhythmMounain/Materials/Coin.mat
  artifactKey: Guid(5861d58b4842437428b80a6fce5112d1) Importer(815301076,1909f56bfc062723c751e8b465ee728b)
Start importing Assets/RhythmMounain/Materials/Coin.mat using Guid(5861d58b4842437428b80a6fce5112d1) Importer(815301076,1909f56bfc062723c751e8b465ee728b)  -> (artifact id: 'e71744f46a45420bd611564b853b00f8') in 0.080910 seconds 
========================================================================
Received Import Request.
  Time since last request: 3.213839 seconds.
  path: Assets/RhythmMounain/destroyMe.cs
  artifactKey: Guid(a6239e4524be45d4aa64ed116c3424c9) Importer(815301076,1909f56bfc062723c751e8b465ee728b)
Start importing Assets/RhythmMounain/destroyMe.cs using Guid(a6239e4524be45d4aa64ed116c3424c9) Importer(815301076,1909f56bfc062723c751e8b465ee728b)  -> (artifact id: '93317192fc84d5a3980061fa760023bd') in 0.014804 seconds 
========================================================================
Received Prepare
Registering precompiled user dll's ...
Registered in 0.006122 seconds.
Begin MonoManager ReloadAssembly
Native extension for WindowsStandalone target not found
Native extension for OSXStandalone target not found
Native extension for WebGL target not found
Refreshing native plugins compatible for Editor in 0.91 ms, found 1 plugins.
Preloading 0 native plugins for Editor in 0.00 ms.
[MODES] ModeService[none].Initialize
[MODES] ModeService[none].LoadModes
[MODES] Loading mode Default (0) for mode-current-id-LearningFER2 - StandardLight
System.NullReferenceException: Object reference not set to an instance of an object
  at UnityEngine.UIElements.BaseLiveReloadAssetTracker`1[T].StartTrackingAsset (T asset) [0x0003e] in <52d042b59b5f4b5fa4d9379442f5155a>:0 
  at UnityEngine.UIElements.VisualElement.HandlePanelAttachmentEvents (UnityEngine.UIElements.EventBase evt) [0x000a9] in <52d042b59b5f4b5fa4d9379442f5155a>:0 
  at UnityEngine.UIElements.VisualElement.ExecuteDefaultAction (UnityEngine.UIElements.EventBase evt) [0x0010e] in <52d042b59b5f4b5fa4d9379442f5155a>:0 
  at UnityEngine.UIElements.CallbackEventHandler.HandleEvent (UnityEngine.UIElements.EventBase evt) [0x000ae] in <52d042b59b5f4b5fa4d9379442f5155a>:0 
  at UnityEngine.UIElements.EventDispatchUtilities.ExecuteDefaultAction (UnityEngine.UIElements.EventBase evt, UnityEngine.UIElements.IPanel panel) [0x00054] in <52d042b59b5f4b5fa4d9379442f5155a>:0 
  at UnityEngine.UIElements.EventDispatcher.ProcessEvent (UnityEngine.UIElements.EventBase evt, UnityEngine.UIElements.IPanel panel) [0x000ba] in <52d042b59b5f4b5fa4d9379442f5155a>:0 
  at UnityEngine.UIElements.EventDispatcher.Dispatch (UnityEngine.UIElements.EventBase evt, UnityEngine.UIElements.IPanel panel, UnityEngine.UIElements.DispatchMode dispatchMode) [0x00046] in <52d042b59b5f4b5fa4d9379442f5155a>:0 
  at UnityEngine.UIElements.BaseVisualElementPanel.SendEvent (UnityEngine.UIElements.EventBase e, UnityEngine.UIElements.DispatchMode dispatchMode) [0x0001a] in <52d042b59b5f4b5fa4d9379442f5155a>:0 
  at UnityEngine.UIElements.VisualElement.HasChangedPanel (UnityEngine.UIElements.BaseVisualElementPanel prevPanel) [0x00061] in <52d042b59b5f4b5fa4d9379442f5155a>:0 
  at UnityEngine.UIElements.VisualElement.SetPanel (UnityEngine.UIElements.BaseVisualElementPanel p) [0x001b1] in <52d042b59b5f4b5fa4d9379442f5155a>:0 
  at UnityEngine.UIElements.VisualElement+Hierarchy.SetParent (UnityEngine.UIElements.VisualElement value) [0x00038] in <52d042b59b5f4b5fa4d9379442f5155a>:0 
  at UnityEngine.UIElements.VisualElement+Hierarchy.Insert (System.Int32 index, UnityEngine.UIElements.VisualElement child) [0x000e4] in <52d042b59b5f4b5fa4d9379442f5155a>:0 
  at UnityEngine.UIElements.VisualElement+Hierarchy.Add (UnityEngine.UIElements.VisualElement child) [0x0001b] in <52d042b59b5f4b5fa4d9379442f5155a>:0 
  at UnityEngine.UIElements.VisualElement.Add (UnityEngine.UIElements.VisualElement child) [0x00038] in <52d042b59b5f4b5fa4d9379442f5155a>:0 
  at UnityEditor.UIElements.DefaultEditorWindowBackend.AddRootElement (UnityEngine.UIElements.VisualElement root) [0x0000c] in <c23044a1d79146ae9e09271e58031064>:0 
  at UnityEditor.UIElements.DefaultEditorWindowBackend.RegisterWindow () [0x000c7] in <c23044a1d79146ae9e09271e58031064>:0 
  at UnityEditor.UIElements.DefaultEditorWindowBackend.UnityEditor.IEditorWindowBackend.OnRegisterWindow () [0x00001] in <c23044a1d79146ae9e09271e58031064>:0 
  at UnityEditor.HostView.RegisterSelectedPane (System.Boolean sendEvents) [0x00035] in <756e9f00f78640ec93f83e08257daaec>:0 
  at UnityEditor.HostView.SetActualViewInternal (UnityEditor.EditorWindow value, System.Boolean sendEvents) [0x0004b] in <756e9f00f78640ec93f83e08257daaec>:0 
  at UnityEditor.DockArea.SetSelectedPrivate (System.Int32 value, System.Boolean sendEvents) [0x00059] in <756e9f00f78640ec93f83e08257daaec>:0 
  at UnityEditor.DockArea.AddTab (System.Int32 idx, UnityEditor.EditorWindow pane, System.Boolean sendPaneEvents) [0x00018] in <756e9f00f78640ec93f83e08257daaec>:0 
  at UnityEditor.DockArea.AddTab (UnityEditor.EditorWindow pane, System.Boolean sendPaneEvents) [0x0000d] in <756e9f00f78640ec93f83e08257daaec>:0 
  at UnityEditor.EditorWindow.CreateNewWindowForEditorWindow (UnityEditor.EditorWindow window, System.Boolean loadPosition, System.Boolean showImmediately, System.Boolean setFocus) [0x0001b] in <756e9f00f78640ec93f83e08257daaec>:0 
  at UnityEditor.EditorWindow.Show (System.Boolean immediateDisplay) [0x00011] in <756e9f00f78640ec93f83e08257daaec>:0 
  at UnityEditor.EditorWindow.Show () [0x00001] in <756e9f00f78640ec93f83e08257daaec>:0 
  at UnityEditor.EditorWindow.GetWindowPrivate (System.Type t, System.Boolean utility, System.String title, System.Boolean focus) [0x00069] in <756e9f00f78640ec93f83e08257daaec>:0 
  at UnityEditor.EditorWindow.GetWindow (System.Type t, System.Boolean utility, System.String title, System.Boolean focus) [0x00001] in <756e9f00f78640ec93f83e08257daaec>:0 
  at UnityEditor.EditorWindow.GetWindow[T] (System.Boolean utility, System.String title, System.Boolean focus) [0x00001] in <756e9f00f78640ec93f83e08257daaec>:0 
  at UnityEditor.EditorWindow.GetWindow[T] (System.Boolean utility) [0x00001] in <756e9f00f78640ec93f83e08257daaec>:0 
  at Dreamteck.Forever.PluginInfo..cctor () [0x00034] in C:\Users\me\Documents\GitHub\FeralCookies\LearningFER2 - StandardLight\Assets\Dreamteck\Forever\Editor\WelcomeScreen.cs:16 
UnityEngine.StackTraceUtility:ExtractStackTrace ()
UnityEngine.DebugLogHandler:LogFormat (UnityEngine.LogType,UnityEngine.Object,string,object[])
UnityEngine.Logger:Log (UnityEngine.LogType,object)
UnityEngine.Debug:LogError (object)
UnityEditor.EditorAssemblies:ProcessInitializeOnLoadAttributes (System.Type[])

Mono: successfully reloaded assembly
- Completed reload, in  1.431 seconds
Platform modules already initialized, skipping
Refreshing native plugins compatible for Editor in 0.91 ms, found 1 plugins.
Preloading 0 native plugins for Editor in 0.00 ms.
Unloading 2781 Unused Serialized files (Serialized files now loaded: 0)
System memory in use before: 106.7 MB.
System memory in use after: 106.9 MB.

Unloading 11 unused Assets to reduce memory usage. Loaded Objects now: 3310.
Total: 4.103600 ms (FindLiveObjects: 0.287400 ms CreateObjectMapping: 0.124600 ms MarkObjects: 3.632100 ms  DeleteObjects: 0.058200 ms)

========================================================================
Received Import Request.
  Time since last request: 327.573791 seconds.
  path: Assets/RhythmMounain/RM_2.unity
  artifactKey: Guid(2491e0f5b76646c448a35120f0a2aef7) Importer(815301076,1909f56bfc062723c751e8b465ee728b)
Start importing Assets/RhythmMounain/RM_2.unity using Guid(2491e0f5b76646c448a35120f0a2aef7) Importer(815301076,1909f56bfc062723c751e8b465ee728b)  -> (artifact id: '8457c9c52c47bf97d0e7396db3e7b1bf') in 0.039494 seconds 
========================================================================
Received Import Request.
  Time since last request: 209.605798 seconds.
  path: Assets/RhythmMounain/testing.unity
  artifactKey: Guid(abfb6083c4f562f4b8212f23ee0d4866) Importer(815301076,1909f56bfc062723c751e8b465ee728b)
Start importing Assets/RhythmMounain/testing.unity using Guid(abfb6083c4f562f4b8212f23ee0d4866) Importer(815301076,1909f56bfc062723c751e8b465ee728b)  -> (artifact id: '0b7b3a2f4b9d0914f227a97a3bb43360') in 0.014424 seconds 
========================================================================
Received Import Request.
  Time since last request: 88.891776 seconds.
  path: Assets/RhythmMounain/RM_2.unity
  artifactKey: Guid(2491e0f5b76646c448a35120f0a2aef7) Importer(815301076,1909f56bfc062723c751e8b465ee728b)
Start importing Assets/RhythmMounain/RM_2.unity using Guid(2491e0f5b76646c448a35120f0a2aef7) Importer(815301076,1909f56bfc062723c751e8b465ee728b)  -> (artifact id: '694e844677986a4df7153ee9b321ba15') in 0.012042 seconds 
========================================================================
Received Import Request.
  Time since last request: 269.191758 seconds.
  path: Assets/RhythmMounain/testing.unity
  artifactKey: Guid(abfb6083c4f562f4b8212f23ee0d4866) Importer(815301076,1909f56bfc062723c751e8b465ee728b)
Start importing Assets/RhythmMounain/testing.unity using Guid(abfb6083c4f562f4b8212f23ee0d4866) Importer(815301076,1909f56bfc062723c751e8b465ee728b)  -> (artifact id: '55c4e5cf631cf7fddb4c100520e8ff6f') in 0.012592 seconds 
========================================================================
Received Prepare
Registering precompiled user dll's ...
Registered in 0.008538 seconds.
Begin MonoManager ReloadAssembly
Native extension for WindowsStandalone target not found
Native extension for OSXStandalone target not found
Native extension for WebGL target not found
Refreshing native plugins compatible for Editor in 0.57 ms, found 1 plugins.
Preloading 0 native plugins for Editor in 0.00 ms.
[MODES] ModeService[none].Initialize
[MODES] ModeService[none].LoadModes
[MODES] Loading mode Default (0) for mode-current-id-LearningFER2 - StandardLight
System.NullReferenceException: Object reference not set to an instance of an object
  at UnityEngine.UIElements.BaseLiveReloadAssetTracker`1[T].StartTrackingAsset (T asset) [0x0003e] in <52d042b59b5f4b5fa4d9379442f5155a>:0 
  at UnityEngine.UIElements.VisualElement.HandlePanelAttachmentEvents (UnityEngine.UIElements.EventBase evt) [0x000a9] in <52d042b59b5f4b5fa4d9379442f5155a>:0 
  at UnityEngine.UIElements.VisualElement.ExecuteDefaultAction (UnityEngine.UIElements.EventBase evt) [0x0010e] in <52d042b59b5f4b5fa4d9379442f5155a>:0 
  at UnityEngine.UIElements.CallbackEventHandler.HandleEvent (UnityEngine.UIElements.EventBase evt) [0x000ae] in <52d042b59b5f4b5fa4d9379442f5155a>:0 
  at UnityEngine.UIElements.EventDispatchUtilities.ExecuteDefaultAction (UnityEngine.UIElements.EventBase evt, UnityEngine.UIElements.IPanel panel) [0x00054] in <52d042b59b5f4b5fa4d9379442f5155a>:0 
  at UnityEngine.UIElements.EventDispatcher.ProcessEvent (UnityEngine.UIElements.EventBase evt, UnityEngine.UIElements.IPanel panel) [0x000ba] in <52d042b59b5f4b5fa4d9379442f5155a>:0 
  at UnityEngine.UIElements.EventDispatcher.Dispatch (UnityEngine.UIElements.EventBase evt, UnityEngine.UIElements.IPanel panel, UnityEngine.UIElements.DispatchMode dispatchMode) [0x00046] in <52d042b59b5f4b5fa4d9379442f5155a>:0 
  at UnityEngine.UIElements.BaseVisualElementPanel.SendEvent (UnityEngine.UIElements.EventBase e, UnityEngine.UIElements.DispatchMode dispatchMode) [0x0001a] in <52d042b59b5f4b5fa4d9379442f5155a>:0 
  at UnityEngine.UIElements.VisualElement.HasChangedPanel (UnityEngine.UIElements.BaseVisualElementPanel prevPanel) [0x00061] in <52d042b59b5f4b5fa4d9379442f5155a>:0 
  at UnityEngine.UIElements.VisualElement.SetPanel (UnityEngine.UIElements.BaseVisualElementPanel p) [0x001b1] in <52d042b59b5f4b5fa4d9379442f5155a>:0 
  at UnityEngine.UIElements.VisualElement+Hierarchy.SetParent (UnityEngine.UIElements.VisualElement value) [0x00038] in <52d042b59b5f4b5fa4d9379442f5155a>:0 
  at UnityEngine.UIElements.VisualElement+Hierarchy.Insert (System.Int32 index, UnityEngine.UIElements.VisualElement child) [0x000e4] in <52d042b59b5f4b5fa4d9379442f5155a>:0 
  at UnityEngine.UIElements.VisualElement+Hierarchy.Add (UnityEngine.UIElements.VisualElement child) [0x0001b] in <52d042b59b5f4b5fa4d9379442f5155a>:0 
  at UnityEngine.UIElements.VisualElement.Add (UnityEngine.UIElements.VisualElement child) [0x00038] in <52d042b59b5f4b5fa4d9379442f5155a>:0 
  at UnityEditor.UIElements.DefaultEditorWindowBackend.AddRootElement (UnityEngine.UIElements.VisualElement root) [0x0000c] in <c23044a1d79146ae9e09271e58031064>:0 
  at UnityEditor.UIElements.DefaultEditorWindowBackend.RegisterWindow () [0x000c7] in <c23044a1d79146ae9e09271e58031064>:0 
  at UnityEditor.UIElements.DefaultEditorWindowBackend.UnityEditor.IEditorWindowBackend.OnRegisterWindow () [0x00001] in <c23044a1d79146ae9e09271e58031064>:0 
  at UnityEditor.HostView.RegisterSelectedPane (System.Boolean sendEvents) [0x00035] in <756e9f00f78640ec93f83e08257daaec>:0 
  at UnityEditor.HostView.SetActualViewInternal (UnityEditor.EditorWindow value, System.Boolean sendEvents) [0x0004b] in <756e9f00f78640ec93f83e08257daaec>:0 
  at UnityEditor.DockArea.SetSelectedPrivate (System.Int32 value, System.Boolean sendEvents) [0x00059] in <756e9f00f78640ec93f83e08257daaec>:0 
  at UnityEditor.DockArea.AddTab (System.Int32 idx, UnityEditor.EditorWindow pane, System.Boolean sendPaneEvents) [0x00018] in <756e9f00f78640ec93f83e08257daaec>:0 
  at UnityEditor.DockArea.AddTab (UnityEditor.EditorWindow pane, System.Boolean sendPaneEvents) [0x0000d] in <756e9f00f78640ec93f83e08257daaec>:0 
  at UnityEditor.EditorWindow.CreateNewWindowForEditorWindow (UnityEditor.EditorWindow window, System.Boolean loadPosition, System.Boolean showImmediately, System.Boolean setFocus) [0x0001b] in <756e9f00f78640ec93f83e08257daaec>:0 
  at UnityEditor.EditorWindow.Show (System.Boolean immediateDisplay) [0x00011] in <756e9f00f78640ec93f83e08257daaec>:0 
  at UnityEditor.EditorWindow.Show () [0x00001] in <756e9f00f78640ec93f83e08257daaec>:0 
  at UnityEditor.EditorWindow.GetWindowPrivate (System.Type t, System.Boolean utility, System.String title, System.Boolean focus) [0x00069] in <756e9f00f78640ec93f83e08257daaec>:0 
  at UnityEditor.EditorWindow.GetWindow (System.Type t, System.Boolean utility, System.String title, System.Boolean focus) [0x00001] in <756e9f00f78640ec93f83e08257daaec>:0 
  at UnityEditor.EditorWindow.GetWindow[T] (System.Boolean utility, System.String title, System.Boolean focus) [0x00001] in <756e9f00f78640ec93f83e08257daaec>:0 
  at UnityEditor.EditorWindow.GetWindow[T] (System.Boolean utility) [0x00001] in <756e9f00f78640ec93f83e08257daaec>:0 
  at Dreamteck.Forever.PluginInfo..cctor () [0x00034] in C:\Users\me\Documents\GitHub\FeralCookies\LearningFER2 - StandardLight\Assets\Dreamteck\Forever\Editor\WelcomeScreen.cs:16 
UnityEngine.StackTraceUtility:ExtractStackTrace ()
UnityEngine.DebugLogHandler:LogFormat (UnityEngine.LogType,UnityEngine.Object,string,object[])
UnityEngine.Logger:Log (UnityEngine.LogType,object)
UnityEngine.Debug:LogError (object)
UnityEditor.EditorAssemblies:ProcessInitializeOnLoadAttributes (System.Type[])

Mono: successfully reloaded assembly
- Completed reload, in  1.256 seconds
Platform modules already initialized, skipping
Refreshing native plugins compatible for Editor in 0.75 ms, found 1 plugins.
Preloading 0 native plugins for Editor in 0.00 ms.
Unloading 2781 Unused Serialized files (Serialized files now loaded: 0)
System memory in use before: 106.8 MB.
System memory in use after: 107.0 MB.

Unloading 10 unused Assets to reduce memory usage. Loaded Objects now: 3316.
Total: 4.350200 ms (FindLiveObjects: 0.282800 ms CreateObjectMapping: 0.163200 ms MarkObjects: 3.841100 ms  DeleteObjects: 0.061600 ms)

========================================================================
Received Import Request.
  Time since last request: 220.748946 seconds.
  path: Assets/RhythmMounain/RandomPathGenerator.asset
  artifactKey: Guid(7adc43417af03fe45ba843f0b62ddb9e) Importer(815301076,1909f56bfc062723c751e8b465ee728b)
Start importing Assets/RhythmMounain/RandomPathGenerator.asset using Guid(7adc43417af03fe45ba843f0b62ddb9e) Importer(815301076,1909f56bfc062723c751e8b465ee728b)  -> (artifact id: '585e5cf65e41c815f9b5cba2aad7d18d') in 0.031522 seconds 
========================================================================
Received Import Request.
  Time since last request: 0.000613 seconds.
  path: Assets/RhythmMounain/RM_Level_Simple.asset
  artifactKey: Guid(a2fcc1458dbbb574b9d4963de152968d) Importer(815301076,1909f56bfc062723c751e8b465ee728b)
Start importing Assets/RhythmMounain/RM_Level_Simple.asset using Guid(a2fcc1458dbbb574b9d4963de152968d) Importer(815301076,1909f56bfc062723c751e8b465ee728b)  -> (artifact id: '1a580eb0d106ae99b03e4578b556ef14') in 0.030058 seconds 
========================================================================
Received Prepare
Registering precompiled user dll's ...
Registered in 0.007383 seconds.
Begin MonoManager ReloadAssembly
Native extension for WindowsStandalone target not found
Native extension for OSXStandalone target not found
Native extension for WebGL target not found
Refreshing native plugins compatible for Editor in 0.62 ms, found 1 plugins.
Preloading 0 native plugins for Editor in 0.00 ms.
[MODES] ModeService[none].Initialize
[MODES] ModeService[none].LoadModes
[MODES] Loading mode Default (0) for mode-current-id-LearningFER2 - StandardLight
System.NullReferenceException: Object reference not set to an instance of an object
  at UnityEngine.UIElements.BaseLiveReloadAssetTracker`1[T].StartTrackingAsset (T asset) [0x0003e] in <52d042b59b5f4b5fa4d9379442f5155a>:0 
  at UnityEngine.UIElements.VisualElement.HandlePanelAttachmentEvents (UnityEngine.UIElements.EventBase evt) [0x000a9] in <52d042b59b5f4b5fa4d9379442f5155a>:0 
  at UnityEngine.UIElements.VisualElement.ExecuteDefaultAction (UnityEngine.UIElements.EventBase evt) [0x0010e] in <52d042b59b5f4b5fa4d9379442f5155a>:0 
  at UnityEngine.UIElements.CallbackEventHandler.HandleEvent (UnityEngine.UIElements.EventBase evt) [0x000ae] in <52d042b59b5f4b5fa4d9379442f5155a>:0 
  at UnityEngine.UIElements.EventDispatchUtilities.ExecuteDefaultAction (UnityEngine.UIElements.EventBase evt, UnityEngine.UIElements.IPanel panel) [0x00054] in <52d042b59b5f4b5fa4d9379442f5155a>:0 
  at UnityEngine.UIElements.EventDispatcher.ProcessEvent (UnityEngine.UIElements.EventBase evt, UnityEngine.UIElements.IPanel panel) [0x000ba] in <52d042b59b5f4b5fa4d9379442f5155a>:0 
  at UnityEngine.UIElements.EventDispatcher.Dispatch (UnityEngine.UIElements.EventBase evt, UnityEngine.UIElements.IPanel panel, UnityEngine.UIElements.DispatchMode dispatchMode) [0x00046] in <52d042b59b5f4b5fa4d9379442f5155a>:0 
  at UnityEngine.UIElements.BaseVisualElementPanel.SendEvent (UnityEngine.UIElements.EventBase e, UnityEngine.UIElements.DispatchMode dispatchMode) [0x0001a] in <52d042b59b5f4b5fa4d9379442f5155a>:0 
  at UnityEngine.UIElements.VisualElement.HasChangedPanel (UnityEngine.UIElements.BaseVisualElementPanel prevPanel) [0x00061] in <52d042b59b5f4b5fa4d9379442f5155a>:0 
  at UnityEngine.UIElements.VisualElement.SetPanel (UnityEngine.UIElements.BaseVisualElementPanel p) [0x001b1] in <52d042b59b5f4b5fa4d9379442f5155a>:0 
  at UnityEngine.UIElements.VisualElement+Hierarchy.SetParent (UnityEngine.UIElements.VisualElement value) [0x00038] in <52d042b59b5f4b5fa4d9379442f5155a>:0 
  at UnityEngine.UIElements.VisualElement+Hierarchy.Insert (System.Int32 index, UnityEngine.UIElements.VisualElement child) [0x000e4] in <52d042b59b5f4b5fa4d9379442f5155a>:0 
  at UnityEngine.UIElements.VisualElement+Hierarchy.Add (UnityEngine.UIElements.VisualElement child) [0x0001b] in <52d042b59b5f4b5fa4d9379442f5155a>:0 
  at UnityEngine.UIElements.VisualElement.Add (UnityEngine.UIElements.VisualElement child) [0x00038] in <52d042b59b5f4b5fa4d9379442f5155a>:0 
  at UnityEditor.UIElements.DefaultEditorWindowBackend.AddRootElement (UnityEngine.UIElements.VisualElement root) [0x0000c] in <c23044a1d79146ae9e09271e58031064>:0 
  at UnityEditor.UIElements.DefaultEditorWindowBackend.RegisterWindow () [0x000c7] in <c23044a1d79146ae9e09271e58031064>:0 
  at UnityEditor.UIElements.DefaultEditorWindowBackend.UnityEditor.IEditorWindowBackend.OnRegisterWindow () [0x00001] in <c23044a1d79146ae9e09271e58031064>:0 
  at UnityEditor.HostView.RegisterSelectedPane (System.Boolean sendEvents) [0x00035] in <756e9f00f78640ec93f83e08257daaec>:0 
  at UnityEditor.HostView.SetActualViewInternal (UnityEditor.EditorWindow value, System.Boolean sendEvents) [0x0004b] in <756e9f00f78640ec93f83e08257daaec>:0 
  at UnityEditor.DockArea.SetSelectedPrivate (System.Int32 value, System.Boolean sendEvents) [0x00059] in <756e9f00f78640ec93f83e08257daaec>:0 
  at UnityEditor.DockArea.AddTab (System.Int32 idx, UnityEditor.EditorWindow pane, System.Boolean sendPaneEvents) [0x00018] in <756e9f00f78640ec93f83e08257daaec>:0 
  at UnityEditor.DockArea.AddTab (UnityEditor.EditorWindow pane, System.Boolean sendPaneEvents) [0x0000d] in <756e9f00f78640ec93f83e08257daaec>:0 
  at UnityEditor.EditorWindow.CreateNewWindowForEditorWindow (UnityEditor.EditorWindow window, System.Boolean loadPosition, System.Boolean showImmediately, System.Boolean setFocus) [0x0001b] in <756e9f00f78640ec93f83e08257daaec>:0 
  at UnityEditor.EditorWindow.Show (System.Boolean immediateDisplay) [0x00011] in <756e9f00f78640ec93f83e08257daaec>:0 
  at UnityEditor.EditorWindow.Show () [0x00001] in <756e9f00f78640ec93f83e08257daaec>:0 
  at UnityEditor.EditorWindow.GetWindowPrivate (System.Type t, System.Boolean utility, System.String title, System.Boolean focus) [0x00069] in <756e9f00f78640ec93f83e08257daaec>:0 
  at UnityEditor.EditorWindow.GetWindow (System.Type t, System.Boolean utility, System.String title, System.Boolean focus) [0x00001] in <756e9f00f78640ec93f83e08257daaec>:0 
  at UnityEditor.EditorWindow.GetWindow[T] (System.Boolean utility, System.String title, System.Boolean focus) [0x00001] in <756e9f00f78640ec93f83e08257daaec>:0 
  at UnityEditor.EditorWindow.GetWindow[T] (System.Boolean utility) [0x00001] in <756e9f00f78640ec93f83e08257daaec>:0 
  at Dreamteck.Forever.PluginInfo..cctor () [0x00034] in C:\Users\me\Documents\GitHub\FeralCookies\LearningFER2 - StandardLight\Assets\Dreamteck\Forever\Editor\WelcomeScreen.cs:16 
UnityEngine.StackTraceUtility:ExtractStackTrace ()
UnityEngine.DebugLogHandler:LogFormat (UnityEngine.LogType,UnityEngine.Object,string,object[])
UnityEngine.Logger:Log (UnityEngine.LogType,object)
UnityEngine.Debug:LogError (object)
UnityEditor.EditorAssemblies:ProcessInitializeOnLoadAttributes (System.Type[])

Mono: successfully reloaded assembly
- Completed reload, in  1.226 seconds
Platform modules already initialized, skipping
Refreshing native plugins compatible for Editor in 0.91 ms, found 1 plugins.
Preloading 0 native plugins for Editor in 0.00 ms.
Unloading 2781 Unused Serialized files (Serialized files now loaded: 0)
System memory in use before: 106.8 MB.
System memory in use after: 107.0 MB.

Unloading 10 unused Assets to reduce memory usage. Loaded Objects now: 3322.
Total: 3.866300 ms (FindLiveObjects: 0.275900 ms CreateObjectMapping: 0.127400 ms MarkObjects: 3.411000 ms  DeleteObjects: 0.051000 ms)

========================================================================
Received Import Request.
  Time since last request: 38.939439 seconds.
  path: Assets/RhythmMounain/Segments/RM_prefab_00.prefab
  artifactKey: Guid(c9e67d9f37c419d46aad08c7f88906b1) Importer(815301076,1909f56bfc062723c751e8b465ee728b)
Start importing Assets/RhythmMounain/Segments/RM_prefab_00.prefab using Guid(c9e67d9f37c419d46aad08c7f88906b1) Importer(815301076,1909f56bfc062723c751e8b465ee728b)  -> (artifact id: 'fd4b7de9acc8c437e3ba5dc0a3105303') in 0.094470 seconds 
========================================================================
Received Import Request.
  Time since last request: 10.848710 seconds.
  path: Assets/RhythmMounain/Segments/RM_prefab_00.prefab
  artifactKey: Guid(c9e67d9f37c419d46aad08c7f88906b1) Importer(815301076,1909f56bfc062723c751e8b465ee728b)
Start importing Assets/RhythmMounain/Segments/RM_prefab_00.prefab using Guid(c9e67d9f37c419d46aad08c7f88906b1) Importer(815301076,1909f56bfc062723c751e8b465ee728b)  -> (artifact id: '7bbfe07194e708a130ca9b7599ba60a1') in 0.081334 seconds 
========================================================================
Received Import Request.
  Time since last request: 4.997452 seconds.
  path: Assets/RhythmMounain/Segments/RM_prefab_00.prefab
  artifactKey: Guid(c9e67d9f37c419d46aad08c7f88906b1) Importer(815301076,1909f56bfc062723c751e8b465ee728b)
Start importing Assets/RhythmMounain/Segments/RM_prefab_00.prefab using Guid(c9e67d9f37c419d46aad08c7f88906b1) Importer(815301076,1909f56bfc062723c751e8b465ee728b)  -> (artifact id: 'c76d1f7b457e914cafa806037ee74b7a') in 0.064411 seconds 
========================================================================
Received Prepare
Registering precompiled user dll's ...
Registered in 0.009121 seconds.
Begin MonoManager ReloadAssembly
Native extension for WindowsStandalone target not found
Native extension for OSXStandalone target not found
Native extension for WebGL target not found
Refreshing native plugins compatible for Editor in 0.53 ms, found 1 plugins.
Preloading 0 native plugins for Editor in 0.00 ms.
[MODES] ModeService[none].Initialize
[MODES] ModeService[none].LoadModes
[MODES] Loading mode Default (0) for mode-current-id-LearningFER2 - StandardLight
System.NullReferenceException: Object reference not set to an instance of an object
  at UnityEngine.UIElements.BaseLiveReloadAssetTracker`1[T].StartTrackingAsset (T asset) [0x0003e] in <52d042b59b5f4b5fa4d9379442f5155a>:0 
  at UnityEngine.UIElements.VisualElement.HandlePanelAttachmentEvents (UnityEngine.UIElements.EventBase evt) [0x000a9] in <52d042b59b5f4b5fa4d9379442f5155a>:0 
  at UnityEngine.UIElements.VisualElement.ExecuteDefaultAction (UnityEngine.UIElements.EventBase evt) [0x0010e] in <52d042b59b5f4b5fa4d9379442f5155a>:0 
  at UnityEngine.UIElements.CallbackEventHandler.HandleEvent (UnityEngine.UIElements.EventBase evt) [0x000ae] in <52d042b59b5f4b5fa4d9379442f5155a>:0 
  at UnityEngine.UIElements.EventDispatchUtilities.ExecuteDefaultAction (UnityEngine.UIElements.EventBase evt, UnityEngine.UIElements.IPanel panel) [0x00054] in <52d042b59b5f4b5fa4d9379442f5155a>:0 
  at UnityEngine.UIElements.EventDispatcher.ProcessEvent (UnityEngine.UIElements.EventBase evt, UnityEngine.UIElements.IPanel panel) [0x000ba] in <52d042b59b5f4b5fa4d9379442f5155a>:0 
  at UnityEngine.UIElements.EventDispatcher.Dispatch (UnityEngine.UIElements.EventBase evt, UnityEngine.UIElements.IPanel panel, UnityEngine.UIElements.DispatchMode dispatchMode) [0x00046] in <52d042b59b5f4b5fa4d9379442f5155a>:0 
  at UnityEngine.UIElements.BaseVisualElementPanel.SendEvent (UnityEngine.UIElements.EventBase e, UnityEngine.UIElements.DispatchMode dispatchMode) [0x0001a] in <52d042b59b5f4b5fa4d9379442f5155a>:0 
  at UnityEngine.UIElements.VisualElement.HasChangedPanel (UnityEngine.UIElements.BaseVisualElementPanel prevPanel) [0x00061] in <52d042b59b5f4b5fa4d9379442f5155a>:0 
  at UnityEngine.UIElements.VisualElement.SetPanel (UnityEngine.UIElements.BaseVisualElementPanel p) [0x001b1] in <52d042b59b5f4b5fa4d9379442f5155a>:0 
  at UnityEngine.UIElements.VisualElement+Hierarchy.SetParent (UnityEngine.UIElements.VisualElement value) [0x00038] in <52d042b59b5f4b5fa4d9379442f5155a>:0 
  at UnityEngine.UIElements.VisualElement+Hierarchy.Insert (System.Int32 index, UnityEngine.UIElements.VisualElement child) [0x000e4] in <52d042b59b5f4b5fa4d9379442f5155a>:0 
  at UnityEngine.UIElements.VisualElement+Hierarchy.Add (UnityEngine.UIElements.VisualElement child) [0x0001b] in <52d042b59b5f4b5fa4d9379442f5155a>:0 
  at UnityEngine.UIElements.VisualElement.Add (UnityEngine.UIElements.VisualElement child) [0x00038] in <52d042b59b5f4b5fa4d9379442f5155a>:0 
  at UnityEditor.UIElements.DefaultEditorWindowBackend.AddRootElement (UnityEngine.UIElements.VisualElement root) [0x0000c] in <c23044a1d79146ae9e09271e58031064>:0 
  at UnityEditor.UIElements.DefaultEditorWindowBackend.RegisterWindow () [0x000c7] in <c23044a1d79146ae9e09271e58031064>:0 
  at UnityEditor.UIElements.DefaultEditorWindowBackend.UnityEditor.IEditorWindowBackend.OnRegisterWindow () [0x00001] in <c23044a1d79146ae9e09271e58031064>:0 
  at UnityEditor.HostView.RegisterSelectedPane (System.Boolean sendEvents) [0x00035] in <756e9f00f78640ec93f83e08257daaec>:0 
  at UnityEditor.HostView.SetActualViewInternal (UnityEditor.EditorWindow value, System.Boolean sendEvents) [0x0004b] in <756e9f00f78640ec93f83e08257daaec>:0 
  at UnityEditor.DockArea.SetSelectedPrivate (System.Int32 value, System.Boolean sendEvents) [0x00059] in <756e9f00f78640ec93f83e08257daaec>:0 
  at UnityEditor.DockArea.AddTab (System.Int32 idx, UnityEditor.EditorWindow pane, System.Boolean sendPaneEvents) [0x00018] in <756e9f00f78640ec93f83e08257daaec>:0 
  at UnityEditor.DockArea.AddTab (UnityEditor.EditorWindow pane, System.Boolean sendPaneEvents) [0x0000d] in <756e9f00f78640ec93f83e08257daaec>:0 
  at UnityEditor.EditorWindow.CreateNewWindowForEditorWindow (UnityEditor.EditorWindow window, System.Boolean loadPosition, System.Boolean showImmediately, System.Boolean setFocus) [0x0001b] in <756e9f00f78640ec93f83e08257daaec>:0 
  at UnityEditor.EditorWindow.Show (System.Boolean immediateDisplay) [0x00011] in <756e9f00f78640ec93f83e08257daaec>:0 
  at UnityEditor.EditorWindow.Show () [0x00001] in <756e9f00f78640ec93f83e08257daaec>:0 
  at UnityEditor.EditorWindow.GetWindowPrivate (System.Type t, System.Boolean utility, System.String title, System.Boolean focus) [0x00069] in <756e9f00f78640ec93f83e08257daaec>:0 
  at UnityEditor.EditorWindow.GetWindow (System.Type t, System.Boolean utility, System.String title, System.Boolean focus) [0x00001] in <756e9f00f78640ec93f83e08257daaec>:0 
  at UnityEditor.EditorWindow.GetWindow[T] (System.Boolean utility, System.String title, System.Boolean focus) [0x00001] in <756e9f00f78640ec93f83e08257daaec>:0 
  at UnityEditor.EditorWindow.GetWindow[T] (System.Boolean utility) [0x00001] in <756e9f00f78640ec93f83e08257daaec>:0 
  at Dreamteck.Forever.PluginInfo..cctor () [0x00034] in C:\Users\me\Documents\GitHub\FeralCookies\LearningFER2 - StandardLight\Assets\Dreamteck\Forever\Editor\WelcomeScreen.cs:16 
UnityEngine.StackTraceUtility:ExtractStackTrace ()
UnityEngine.DebugLogHandler:LogFormat (UnityEngine.LogType,UnityEngine.Object,string,object[])
UnityEngine.Logger:Log (UnityEngine.LogType,object)
UnityEngine.Debug:LogError (object)
UnityEditor.EditorAssemblies:ProcessInitializeOnLoadAttributes (System.Type[])

Mono: successfully reloaded assembly
- Completed reload, in  1.057 seconds
Platform modules already initialized, skipping
Refreshing native plugins compatible for Editor in 0.53 ms, found 1 plugins.
Preloading 0 native plugins for Editor in 0.00 ms.
Unloading 2781 Unused Serialized files (Serialized files now loaded: 0)
System memory in use before: 106.9 MB.
System memory in use after: 107.1 MB.

Unloading 10 unused Assets to reduce memory usage. Loaded Objects now: 3329.
Total: 3.759400 ms (FindLiveObjects: 0.268900 ms CreateObjectMapping: 0.147000 ms MarkObjects: 3.294400 ms  DeleteObjects: 0.047900 ms)

========================================================================
Received Prepare
Registering precompiled user dll's ...
Registered in 0.006778 seconds.
Begin MonoManager ReloadAssembly
Native extension for WindowsStandalone target not found
Native extension for OSXStandalone target not found
Native extension for WebGL target not found
Refreshing native plugins compatible for Editor in 0.62 ms, found 1 plugins.
Preloading 0 native plugins for Editor in 0.00 ms.
[MODES] ModeService[none].Initialize
[MODES] ModeService[none].LoadModes
[MODES] Loading mode Default (0) for mode-current-id-LearningFER2 - StandardLight
System.NullReferenceException: Object reference not set to an instance of an object
  at UnityEngine.UIElements.BaseLiveReloadAssetTracker`1[T].StartTrackingAsset (T asset) [0x0003e] in <52d042b59b5f4b5fa4d9379442f5155a>:0 
  at UnityEngine.UIElements.VisualElement.HandlePanelAttachmentEvents (UnityEngine.UIElements.EventBase evt) [0x000a9] in <52d042b59b5f4b5fa4d9379442f5155a>:0 
  at UnityEngine.UIElements.VisualElement.ExecuteDefaultAction (UnityEngine.UIElements.EventBase evt) [0x0010e] in <52d042b59b5f4b5fa4d9379442f5155a>:0 
  at UnityEngine.UIElements.CallbackEventHandler.HandleEvent (UnityEngine.UIElements.EventBase evt) [0x000ae] in <52d042b59b5f4b5fa4d9379442f5155a>:0 
  at UnityEngine.UIElements.EventDispatchUtilities.ExecuteDefaultAction (UnityEngine.UIElements.EventBase evt, UnityEngine.UIElements.IPanel panel) [0x00054] in <52d042b59b5f4b5fa4d9379442f5155a>:0 
  at UnityEngine.UIElements.EventDispatcher.ProcessEvent (UnityEngine.UIElements.EventBase evt, UnityEngine.UIElements.IPanel panel) [0x000ba] in <52d042b59b5f4b5fa4d9379442f5155a>:0 
  at UnityEngine.UIElements.EventDispatcher.Dispatch (UnityEngine.UIElements.EventBase evt, UnityEngine.UIElements.IPanel panel, UnityEngine.UIElements.DispatchMode dispatchMode) [0x00046] in <52d042b59b5f4b5fa4d9379442f5155a>:0 
  at UnityEngine.UIElements.BaseVisualElementPanel.SendEvent (UnityEngine.UIElements.EventBase e, UnityEngine.UIElements.DispatchMode dispatchMode) [0x0001a] in <52d042b59b5f4b5fa4d9379442f5155a>:0 
  at UnityEngine.UIElements.VisualElement.HasChangedPanel (UnityEngine.UIElements.BaseVisualElementPanel prevPanel) [0x00061] in <52d042b59b5f4b5fa4d9379442f5155a>:0 
  at UnityEngine.UIElements.VisualElement.SetPanel (UnityEngine.UIElements.BaseVisualElementPanel p) [0x001b1] in <52d042b59b5f4b5fa4d9379442f5155a>:0 
  at UnityEngine.UIElements.VisualElement+Hierarchy.SetParent (UnityEngine.UIElements.VisualElement value) [0x00038] in <52d042b59b5f4b5fa4d9379442f5155a>:0 
  at UnityEngine.UIElements.VisualElement+Hierarchy.Insert (System.Int32 index, UnityEngine.UIElements.VisualElement child) [0x000e4] in <52d042b59b5f4b5fa4d9379442f5155a>:0 
  at UnityEngine.UIElements.VisualElement+Hierarchy.Add (UnityEngine.UIElements.VisualElement child) [0x0001b] in <52d042b59b5f4b5fa4d9379442f5155a>:0 
  at UnityEngine.UIElements.VisualElement.Add (UnityEngine.UIElements.VisualElement child) [0x00038] in <52d042b59b5f4b5fa4d9379442f5155a>:0 
  at UnityEditor.UIElements.DefaultEditorWindowBackend.AddRootElement (UnityEngine.UIElements.VisualElement root) [0x0000c] in <c23044a1d79146ae9e09271e58031064>:0 
  at UnityEditor.UIElements.DefaultEditorWindowBackend.RegisterWindow () [0x000c7] in <c23044a1d79146ae9e09271e58031064>:0 
  at UnityEditor.UIElements.DefaultEditorWindowBackend.UnityEditor.IEditorWindowBackend.OnRegisterWindow () [0x00001] in <c23044a1d79146ae9e09271e58031064>:0 
  at UnityEditor.HostView.RegisterSelectedPane (System.Boolean sendEvents) [0x00035] in <756e9f00f78640ec93f83e08257daaec>:0 
  at UnityEditor.HostView.SetActualViewInternal (UnityEditor.EditorWindow value, System.Boolean sendEvents) [0x0004b] in <756e9f00f78640ec93f83e08257daaec>:0 
  at UnityEditor.DockArea.SetSelectedPrivate (System.Int32 value, System.Boolean sendEvents) [0x00059] in <756e9f00f78640ec93f83e08257daaec>:0 
  at UnityEditor.DockArea.AddTab (System.Int32 idx, UnityEditor.EditorWindow pane, System.Boolean sendPaneEvents) [0x00018] in <756e9f00f78640ec93f83e08257daaec>:0 
  at UnityEditor.DockArea.AddTab (UnityEditor.EditorWindow pane, System.Boolean sendPaneEvents) [0x0000d] in <756e9f00f78640ec93f83e08257daaec>:0 
  at UnityEditor.EditorWindow.CreateNewWindowForEditorWindow (UnityEditor.EditorWindow window, System.Boolean loadPosition, System.Boolean showImmediately, System.Boolean setFocus) [0x0001b] in <756e9f00f78640ec93f83e08257daaec>:0 
  at UnityEditor.EditorWindow.Show (System.Boolean immediateDisplay) [0x00011] in <756e9f00f78640ec93f83e08257daaec>:0 
  at UnityEditor.EditorWindow.Show () [0x00001] in <756e9f00f78640ec93f83e08257daaec>:0 
  at UnityEditor.EditorWindow.GetWindowPrivate (System.Type t, System.Boolean utility, System.String title, System.Boolean focus) [0x00069] in <756e9f00f78640ec93f83e08257daaec>:0 
  at UnityEditor.EditorWindow.GetWindow (System.Type t, System.Boolean utility, System.String title, System.Boolean focus) [0x00001] in <756e9f00f78640ec93f83e08257daaec>:0 
  at UnityEditor.EditorWindow.GetWindow[T] (System.Boolean utility, System.String title, System.Boolean focus) [0x00001] in <756e9f00f78640ec93f83e08257daaec>:0 
  at UnityEditor.EditorWindow.GetWindow[T] (System.Boolean utility) [0x00001] in <756e9f00f78640ec93f83e08257daaec>:0 
  at Dreamteck.Forever.PluginInfo..cctor () [0x00034] in C:\Users\me\Documents\GitHub\FeralCookies\LearningFER2 - StandardLight\Assets\Dreamteck\Forever\Editor\WelcomeScreen.cs:16 
UnityEngine.StackTraceUtility:ExtractStackTrace ()
UnityEngine.DebugLogHandler:LogFormat (UnityEngine.LogType,UnityEngine.Object,string,object[])
UnityEngine.Logger:Log (UnityEngine.LogType,object)
UnityEngine.Debug:LogError (object)
UnityEditor.EditorAssemblies:ProcessInitializeOnLoadAttributes (System.Type[])

Mono: successfully reloaded assembly
- Completed reload, in  1.073 seconds
Platform modules already initialized, skipping
Refreshing native plugins compatible for Editor in 0.53 ms, found 1 plugins.
Preloading 0 native plugins for Editor in 0.00 ms.
Unloading 2781 Unused Serialized files (Serialized files now loaded: 0)
System memory in use before: 106.9 MB.
System memory in use after: 107.1 MB.

Unloading 10 unused Assets to reduce memory usage. Loaded Objects now: 3335.
Total: 3.648000 ms (FindLiveObjects: 0.271500 ms CreateObjectMapping: 0.122600 ms MarkObjects: 3.205400 ms  DeleteObjects: 0.047700 ms)

AssetImportWorkerClient::OnTransportError - code=2 error=End of file
